0 info it worked if it ends with ok
1 verbose cli [ '/usr/local/bin/node', '/usr/local/bin/npm', 'run', 'build' ]
2 info using npm@4.0.5
3 info using node@v7.4.0
4 verbose run-script [ 'prebuild', 'build', 'postbuild' ]
5 info lifecycle hello-world-react@1.0.0~prebuild: hello-world-react@1.0.0
6 silly lifecycle hello-world-react@1.0.0~prebuild: no script for prebuild, continuing
7 info lifecycle hello-world-react@1.0.0~build: hello-world-react@1.0.0
8 verbose lifecycle hello-world-react@1.0.0~build: unsafe-perm in lifecycle true
9 verbose lifecycle hello-world-react@1.0.0~build: PATH: /usr/local/lib/node_modules/npm/bin/node-gyp-bin:/Users/curt/Desktop/PongConX/node_modules/.bin:/usr/local/bin:/usr/bin:/bin:/usr/sbin:/sbin
10 verbose lifecycle hello-world-react@1.0.0~build: CWD: /Users/curt/Desktop/PongConX
11 silly lifecycle hello-world-react@1.0.0~build: Args: [ '-c', 'webpack ./client/index.js ./client/bundle.js' ]
12 silly lifecycle hello-world-react@1.0.0~build: Returned: code: 2  signal: null
13 info lifecycle hello-world-react@1.0.0~build: Failed to exec build script
14 verbose stack Error: hello-world-react@1.0.0 build: `webpack ./client/index.js ./client/bundle.js`
14 verbose stack Exit status 2
14 verbose stack     at EventEmitter.<anonymous> (/usr/local/lib/node_modules/npm/lib/utils/lifecycle.js:279:16)
14 verbose stack     at emitTwo (events.js:106:13)
14 verbose stack     at EventEmitter.emit (events.js:191:7)
14 verbose stack     at ChildProcess.<anonymous> (/usr/local/lib/node_modules/npm/lib/utils/spawn.js:40:14)
14 verbose stack     at emitTwo (events.js:106:13)
14 verbose stack     at ChildProcess.emit (events.js:191:7)
14 verbose stack     at maybeClose (internal/child_process.js:885:16)
14 verbose stack     at Process.ChildProcess._handle.onexit (internal/child_process.js:226:5)
15 verbose pkgid hello-world-react@1.0.0
16 verbose cwd /Users/curt/Desktop/PongConX/client/components
17 error Darwin 16.4.0
18 error argv "/usr/local/bin/node" "/usr/local/bin/npm" "run" "build"
19 error node v7.4.0
20 error npm  v4.0.5
21 error code ELIFECYCLE
22 error hello-world-react@1.0.0 build: `webpack ./client/index.js ./client/bundle.js`
22 error Exit status 2
23 error Failed at the hello-world-react@1.0.0 build script 'webpack ./client/index.js ./client/bundle.js'.
23 error Make sure you have the latest version of node.js and npm installed.
23 error If you do, this is most likely a problem with the hello-world-react package,
23 error not with npm itself.
23 error Tell the author that this fails on your system:
23 error     webpack ./client/index.js ./client/bundle.js
23 error You can get information on how to open an issue for this project with:
23 error     npm bugs hello-world-react
23 error Or if that isn't available, you can get their info via:
23 error     npm owner ls hello-world-react
23 error There is likely additional logging output above.
24 verbose exit [ 1, true ]
